Using pre-set license
Built from '2022.3/staging' branch; Version is '2022.3.10f1 (ff3792e53c62) revision 16725906'; Using compiler version '192829333'; Build Type 'Release'
OS: 'Windows 10  (10.0.19045) 64bit Professional' Language: 'en' Physical Memory: 12178 MB
BatchMode: 1, IsHumanControllingUs: 0, StartBugReporterOnCrash: 0, Is64bit: 1, IsPro: 1

COMMAND LINE ARGUMENTS:
C:\Program Files\Unity\Hub\Editor\2022.3.10f1\Editor\Unity.exe
-adb2
-batchMode
-noUpm
-name
AssetImportWorker0
-projectPath
C:/Users/EliteDesk/Traffic dodger
-logFile
Logs/AssetImportWorker0.log
-srvPort
51204
Successfully changed project path to: C:/Users/EliteDesk/Traffic dodger
C:/Users/EliteDesk/Traffic dodger
[UnityMemory] Configuration Parameters - Can be set up in boot.config
    "memorysetup-bucket-allocator-granularity=16"
    "memorysetup-bucket-allocator-bucket-count=8"
    "memorysetup-bucket-allocator-block-size=33554432"
    "memorysetup-bucket-allocator-block-count=8"
    "memorysetup-main-allocator-block-size=16777216"
    "memorysetup-thread-allocator-block-size=16777216"
    "memorysetup-gfx-main-allocator-block-size=16777216"
    "memorysetup-gfx-thread-allocator-block-size=16777216"
    "memorysetup-cache-allocator-block-size=4194304"
    "memorysetup-typetree-allocator-block-size=2097152"
    "memorysetup-profiler-bucket-allocator-granularity=16"
    "memorysetup-profiler-bucket-allocator-bucket-count=8"
    "memorysetup-profiler-bucket-allocator-block-size=33554432"
    "memorysetup-profiler-bucket-allocator-block-count=8"
    "memorysetup-profiler-allocator-block-size=16777216"
    "memorysetup-profiler-editor-allocator-block-size=1048576"
    "memorysetup-temp-allocator-size-main=16777216"
    "memorysetup-job-temp-allocator-block-size=2097152"
    "memorysetup-job-temp-allocator-block-size-background=1048576"
    "memorysetup-job-temp-allocator-reduction-small-platforms=262144"
    "memorysetup-allocator-temp-initial-block-size-main=262144"
    "memorysetup-allocator-temp-initial-block-size-worker=262144"
    "memorysetup-temp-allocator-size-background-worker=32768"
    "memorysetup-temp-allocator-size-job-worker=262144"
    "memorysetup-temp-allocator-size-preload-manager=33554432"
    "memorysetup-temp-allocator-size-nav-mesh-worker=65536"
    "memorysetup-temp-allocator-size-audio-worker=65536"
    "memorysetup-temp-allocator-size-cloud-worker=32768"
    "memorysetup-temp-allocator-size-gi-baking-worker=262144"
    "memorysetup-temp-allocator-size-gfx=262144"
Player connection [9440] Host "[IP] 192.168.0.158 [Port] 0 [Flags] 2 [Guid] 2537303834 [EditorId] 2537303834 [Version] 1048832 [Id] WindowsEditor(7,Hp-Elite) [Debug] 1 [PackageName] WindowsEditor [ProjectName] Editor" joined multi-casting on [225.0.0.222:54997]...

Player connection [9440] Host "[IP] 192.168.0.158 [Port] 0 [Flags] 2 [Guid] 2537303834 [EditorId] 2537303834 [Version] 1048832 [Id] WindowsEditor(7,Hp-Elite) [Debug] 1 [PackageName] WindowsEditor [ProjectName] Editor" joined alternative multi-casting on [225.0.0.222:34997]...

[Physics::Module] Initialized MultithreadedJobDispatcher with 3 workers.
Refreshing native plugins compatible for Editor in 23.47 ms, found 3 plugins.
Preloading 0 native plugins for Editor in 0.00 ms.
Initialize engine version: 2022.3.10f1 (ff3792e53c62)
[Subsystems] Discovering subsystems at path C:/Program Files/Unity/Hub/Editor/2022.3.10f1/Editor/Data/Resources/UnitySubsystems
[Subsystems] Discovering subsystems at path C:/Users/EliteDesk/Traffic dodger/Assets
GfxDevice: creating device client; threaded=0; jobified=0
Direct3D:
    Version:  Direct3D 11.0 [level 11.1]
    Renderer: Intel(R) HD Graphics 4600 (ID=0x412)
    Vendor:   Intel
    VRAM:     2048 MB
    Driver:   20.19.15.5126
Initialize mono
Mono path[0] = 'C:/Program Files/Unity/Hub/Editor/2022.3.10f1/Editor/Data/Managed'
Mono path[1] = 'C:/Program Files/Unity/Hub/Editor/2022.3.10f1/Editor/Data/MonoBleedingEdge/lib/mono/unityjit-win32'
Mono config path = 'C:/Program Files/Unity/Hub/Editor/2022.3.10f1/Editor/Data/MonoBleedingEdge/etc'
Using monoOptions --debugger-agent=transport=dt_socket,embedding=1,server=y,suspend=n,address=127.0.0.1:56804
Begin MonoManager ReloadAssembly
Registering precompiled unity dll's ...
Register platform support module: C:/Program Files/Unity/Hub/Editor/2022.3.10f1/Editor/Data/PlaybackEngines/WebGLSupport/UnityEditor.WebGL.Extensions.dll
Register platform support module: C:/Program Files/Unity/Hub/Editor/2022.3.10f1/Editor/Data/PlaybackEngines/WindowsStandaloneSupport/UnityEditor.WindowsStandalone.Extensions.dll
Registered in 0.023296 seconds.
- Loaded All Assemblies, in  0.586 seconds
Native extension for WindowsStandalone target not found
Native extension for WebGL target not found
Mono: successfully reloaded assembly
- Finished resetting the current domain, in  0.421 seconds
Domain Reload Profiling: 1004ms
	BeginReloadAssembly (182ms)
		ExecutionOrderSort (0ms)
		DisableScriptedObjects (0ms)
		BackupInstance (0ms)
		ReleaseScriptingObjects (0ms)
		CreateAndSetChildDomain (1ms)
	RebuildCommonClasses (53ms)
	RebuildNativeTypeToScriptingClass (15ms)
	initialDomainReloadingComplete (107ms)
	LoadAllAssembliesAndSetupDomain (226ms)
		LoadAssemblies (179ms)
		RebuildTransferFunctionScriptingTraits (0ms)
		AnalyzeDomain (222ms)
			TypeCache.Refresh (220ms)
				TypeCache.ScanAssembly (198ms)
			ScanForSourceGeneratedMonoScriptInfo (1ms)
			ResolveRequiredComponents (1ms)
	FinalizeReload (421ms)
		ReleaseScriptCaches (0ms)
		RebuildScriptCaches (0ms)
		SetupLoadedEditorAssemblies (330ms)
			LogAssemblyErrors (0ms)
			InitializePlatformSupportModulesInManaged (21ms)
			SetLoadedEditorAssemblies (8ms)
			RefreshPlugins (0ms)
			BeforeProcessingInitializeOnLoad (3ms)
			ProcessInitializeOnLoadAttributes (219ms)
			ProcessInitializeOnLoadMethodAttributes (78ms)
			AfterProcessingInitializeOnLoad (0ms)
			EditorAssembliesLoaded (0ms)
		ExecutionOrderSort2 (0ms)
		AwakeInstancesAfterBackupRestoration (0ms)
========================================================================
Worker process is ready to serve import requests
Begin MonoManager ReloadAssembly
- Loaded All Assemblies, in  0.998 seconds
Refreshing native plugins compatible for Editor in 11.80 ms, found 3 plugins.
Native extension for WindowsStandalone target not found
Native extension for WebGL target not found
Package Manager log level set to [2]
[Package Manager] Server::EnsureServerProcessIsRunning -- launch failed, reason: Unity was launched with the -noUpm command-line argument
[Package Manager] UpmClient::Send -- Unable to send message (not connected to UPM process).
[Package Manager] Cannot connect to Unity Package Manager local server
Mono: successfully reloaded assembly
[Package Manager] Server::EnsureServerProcessIsRunning -- launch failed, reason: Unity was launched with the -noUpm command-line argument
[Package Manager] UpmClient::Send -- Unable to send message (not connected to UPM process).
[Package Manager] Cannot connect to Unity Package Manager local server
[Package Manager] Server::EnsureServerProcessIsRunning -- launch failed, reason: Unity was launched with the -noUpm command-line argument
[Package Manager] UpmClient::Send -- Unable to send message (not connected to UPM process).
[Package Manager] Cannot connect to Unity Package Manager local server
- Finished resetting the current domain, in  1.021 seconds
Domain Reload Profiling: 2012ms
	BeginReloadAssembly (249ms)
		ExecutionOrderSort (0ms)
		DisableScriptedObjects (9ms)
		BackupInstance (0ms)
		ReleaseScriptingObjects (0ms)
		CreateAndSetChildDomain (35ms)
	RebuildCommonClasses (56ms)
	RebuildNativeTypeToScriptingClass (16ms)
	initialDomainReloadingComplete (68ms)
	LoadAllAssembliesAndSetupDomain (603ms)
		LoadAssemblies (520ms)
		RebuildTransferFunctionScriptingTraits (0ms)
		AnalyzeDomain (229ms)
			TypeCache.Refresh (192ms)
				TypeCache.ScanAssembly (166ms)
			ScanForSourceGeneratedMonoScriptInfo (27ms)
			ResolveRequiredComponents (8ms)
	FinalizeReload (1021ms)
		ReleaseScriptCaches (0ms)
		RebuildScriptCaches (0ms)
		SetupLoadedEditorAssemblies (747ms)
			LogAssemblyErrors (0ms)
			InitializePlatformSupportModulesInManaged (16ms)
			SetLoadedEditorAssemblies (7ms)
			RefreshPlugins (0ms)
			BeforeProcessingInitializeOnLoad (120ms)
			ProcessInitializeOnLoadAttributes (555ms)
			ProcessInitializeOnLoadMethodAttributes (32ms)
			AfterProcessingInitializeOnLoad (17ms)
			EditorAssembliesLoaded (0ms)
		ExecutionOrderSort2 (0ms)
		AwakeInstancesAfterBackupRestoration (12ms)
Launched and connected shader compiler UnityShaderCompiler.exe after 0.07 seconds
Refreshing native plugins compatible for Editor in 41.12 ms, found 3 plugins.
Preloading 0 native plugins for Editor in 0.00 ms.
Unloading 3340 Unused Serialized files (Serialized files now loaded: 0)
Unloading 58 unused Assets / (137.0 KB). Loaded Objects now: 3791.
Memory consumption went from 120.3 MB to 120.2 MB.
Total: 5.550500 ms (FindLiveObjects: 0.627400 ms CreateObjectMapping: 0.429000 ms MarkObjects: 3.892400 ms  DeleteObjects: 0.598600 ms)

AssetImportParameters requested are different than current active one (requested -> active):
  custom:container-demuxer-ogg: 62fdf1f143b41e24485cea50d1cbac27 -> 
  custom:video-decoder-ogg-theora: a1e56fd34408186e4bbccfd4996cb3dc -> 
  custom:framework-win-MediaFoundation: 216162199b28c13a410421893ffa2e32 -> 
  custom:container-demuxer-webm: 4f35f7cbe854078d1ac9338744f61a02 -> 
  custom:container-muxer-webm: aa71ff27fc2769a1b78a27578f13a17b -> 
  custom:video-decoder-webm-vp8: 9c59270c3fd7afecdb556c50c9e8de78 -> 
  custom:AudioImporter_EditorPlatform: d09bf68614088b80899f8185d706f6e7 -> 
  custom:video-encoder-webm-vp8: eb34c28f22e8b96e1ab97ce403110664 -> 
  custom:audio-decoder-ogg-vorbis: bf7c407c2cedff20999df2af8eb42d56 -> 
  custom:audio-encoder-webm-vorbis: bf7c407c2cedff20999df2af8eb42d56 -> 
========================================================================
Received Import Request.
  Time since last request: 13956.471001 seconds.
  path: Assets/Ukrain/prefabs_With_Colliders/road_colliiders
  artifactKey: Guid(2e381133a9337e840a01217717394d9f) Importer(815301076,1909f56bfc062723c751e8b465ee728b)
Start importing Assets/Ukrain/prefabs_With_Colliders/road_colliiders using Guid(2e381133a9337e840a01217717394d9f) Importer(815301076,1909f56bfc062723c751e8b465ee728b)  -> (artifact id: '1171b6355504f579aa44506a2907baff') in 0.002864 seconds
Number of updated asset objects reloaded before import = 0
Number of asset objects unloaded after import = 0
========================================================================
Received Import Request.
  Time since last request: 0.000046 seconds.
  path: Assets/Ukrain/prefabs_With_Colliders/road_colliiders/long_road_two_pavement.prefab
  artifactKey: Guid(dbcb3f2073c1e9540a625703d8b79f3f) Importer(815301076,1909f56bfc062723c751e8b465ee728b)
Start importing Assets/Ukrain/prefabs_With_Colliders/road_colliiders/long_road_two_pavement.prefab using Guid(dbcb3f2073c1e9540a625703d8b79f3f) Importer(815301076,1909f56bfc062723c751e8b465ee728b)  -> (artifact id: '0b247d0707b0cce3e29a3290777f722f') in 0.166240 seconds
Number of updated asset objects reloaded before import = 0
Number of asset objects unloaded after import = 17
========================================================================
Received Prepare
Refreshing native plugins compatible for Editor in 11.04 ms, found 3 plugins.
Preloading 0 native plugins for Editor in 0.00 ms.
Unloading 1 Unused Serialized files (Serialized files now loaded: 0)
Unloading 2 unused Assets / (74.1 KB). Loaded Objects now: 3800.
Memory consumption went from 71.8 MB to 71.7 MB.
Total: 6.963000 ms (FindLiveObjects: 0.351100 ms CreateObjectMapping: 0.177300 ms MarkObjects: 6.382300 ms  DeleteObjects: 0.050700 ms)

Prepare: number of updated asset objects reloaded= 0
AssetImportParameters requested are different than current active one (requested -> active):
  custom:container-demuxer-ogg: 62fdf1f143b41e24485cea50d1cbac27 -> 
  custom:video-decoder-ogg-theora: a1e56fd34408186e4bbccfd4996cb3dc -> 
  custom:framework-win-MediaFoundation: 216162199b28c13a410421893ffa2e32 -> 
  custom:CustomObjectIndexerAttribute: 756ad292c208cfabdd7b50bc23989ffe -> 
  custom:container-demuxer-webm: 4f35f7cbe854078d1ac9338744f61a02 -> 
  custom:container-muxer-webm: aa71ff27fc2769a1b78a27578f13a17b -> 
  custom:video-decoder-webm-vp8: 9c59270c3fd7afecdb556c50c9e8de78 -> 
  custom:SearchIndexIgnoredProperties: e643bd26f0fe6173181afceb89e7c659 -> 
  custom:AudioImporter_EditorPlatform: d09bf68614088b80899f8185d706f6e7 -> 
  custom:video-encoder-webm-vp8: eb34c28f22e8b96e1ab97ce403110664 -> 
  custom:audio-decoder-ogg-vorbis: bf7c407c2cedff20999df2af8eb42d56 -> 
  custom:audio-encoder-webm-vorbis: bf7c407c2cedff20999df2af8eb42d56 -> 
========================================================================
Received Import Request.
  Time since last request: 150.453121 seconds.
  path: Assets/Ukrain/materials
  artifactKey: Guid(5d90c79682844cd4bb373a4d33fb9a8d) Importer(815301076,1909f56bfc062723c751e8b465ee728b)
Start importing Assets/Ukrain/materials using Guid(5d90c79682844cd4bb373a4d33fb9a8d) Importer(815301076,1909f56bfc062723c751e8b465ee728b)  -> (artifact id: 'cb7d10f155cbe24f1d47a28946659345') in 0.001768 seconds
Number of updated asset objects reloaded before import = 0
Number of asset objects unloaded after import = 0
========================================================================
Received Import Request.
  Time since last request: 0.061002 seconds.
  path: Assets/Ukrain/materials/all colors.mat
  artifactKey: Guid(91fc33068a263294782038180ce2b84e) Importer(815301076,1909f56bfc062723c751e8b465ee728b)
Start importing Assets/Ukrain/materials/all colors.mat using Guid(91fc33068a263294782038180ce2b84e) Importer(815301076,1909f56bfc062723c751e8b465ee728b)  -> (artifact id: 'e447d4d67af46dec4978b2b881d26b8d') in 0.046208 seconds
Number of updated asset objects reloaded before import = 0
Number of asset objects unloaded after import = 2
========================================================================
Received Import Request.
  Time since last request: 2.058432 seconds.
  path: Assets/Ukrain/mesh
  artifactKey: Guid(2957c0c66200346439a210410b6b7594) Importer(815301076,1909f56bfc062723c751e8b465ee728b)
Start importing Assets/Ukrain/mesh using Guid(2957c0c66200346439a210410b6b7594) Importer(815301076,1909f56bfc062723c751e8b465ee728b)  -> (artifact id: '0b92ea1c9e3b9987731585c9f6a484fd') in 0.003017 seconds
Number of updated asset objects reloaded before import = 0
Number of asset objects unloaded after import = 0
========================================================================
Received Import Request.
  Time since last request: 0.065056 seconds.
  path: Assets/Ukrain/mesh/land.fbx
  artifactKey: Guid(a667dafb577a3464aa05a8e0b8eac92f) Importer(815301076,1909f56bfc062723c751e8b465ee728b)
Start importing Assets/Ukrain/mesh/land.fbx using Guid(a667dafb577a3464aa05a8e0b8eac92f) Importer(815301076,1909f56bfc062723c751e8b465ee728b)  -> (artifact id: '397665c8e4fc6fd709a1889b97c7b369') in 0.106748 seconds
Number of updated asset objects reloaded before import = 0
Number of asset objects unloaded after import = 9
========================================================================
Received Import Request.
  Time since last request: 1.445151 seconds.
  path: Assets/Ukrain/mesh/cars
  artifactKey: Guid(c731856b8f7f4564c80becc618d86516) Importer(815301076,1909f56bfc062723c751e8b465ee728b)
Start importing Assets/Ukrain/mesh/cars using Guid(c731856b8f7f4564c80becc618d86516) Importer(815301076,1909f56bfc062723c751e8b465ee728b)  -> (artifact id: '4f950695fd80088b892d0445977e0c7c') in 0.000654 seconds
Number of updated asset objects reloaded before import = 0
Number of asset objects unloaded after import = 0
========================================================================
Received Import Request.
  Time since last request: 6.598129 seconds.
  path: Assets/Ukrain/scenes
  artifactKey: Guid(14d911fd0c46502409df6a8998de7dff) Importer(815301076,1909f56bfc062723c751e8b465ee728b)
Start importing Assets/Ukrain/scenes using Guid(14d911fd0c46502409df6a8998de7dff) Importer(815301076,1909f56bfc062723c751e8b465ee728b)  -> (artifact id: 'c77824fb0284cdc39855c1e236b988e3') in 0.000862 seconds
Number of updated asset objects reloaded before import = 0
Number of asset objects unloaded after import = 0
========================================================================
Received Import Request.
  Time since last request: 2.403254 seconds.
  path: Assets/Ukrain/textures
  artifactKey: Guid(53a30713c96e92b4eba38e6bff7c7264) Importer(815301076,1909f56bfc062723c751e8b465ee728b)
Start importing Assets/Ukrain/textures using Guid(53a30713c96e92b4eba38e6bff7c7264) Importer(815301076,1909f56bfc062723c751e8b465ee728b)  -> (artifact id: '5dc911c98fd863d2662e474345d86f51') in 0.000602 seconds
Number of updated asset objects reloaded before import = 0
Number of asset objects unloaded after import = 0
========================================================================
Received Import Request.
  Time since last request: 0.090645 seconds.
  path: Assets/Ukrain/textures/all colors.png
  artifactKey: Guid(39f2d4748dc80fe43abc24ff517a5af1) Importer(815301076,1909f56bfc062723c751e8b465ee728b)
Start importing Assets/Ukrain/textures/all colors.png using Guid(39f2d4748dc80fe43abc24ff517a5af1) Importer(815301076,1909f56bfc062723c751e8b465ee728b)  -> (artifact id: 'a59e5608ff73a791e1cc46da837949cb') in 0.060041 seconds
Number of updated asset objects reloaded before import = 0
Number of asset objects unloaded after import = 2
========================================================================
Received Import Request.
  Time since last request: 0.000023 seconds.
  path: Assets/Ukrain/textures/all_colors.png
  artifactKey: Guid(d1161dc66436b2642a23f788ba19d00e) Importer(815301076,1909f56bfc062723c751e8b465ee728b)
Start importing Assets/Ukrain/textures/all_colors.png using Guid(d1161dc66436b2642a23f788ba19d00e) Importer(815301076,1909f56bfc062723c751e8b465ee728b)  -> (artifact id: '8c52bd9286667aaff0ec5d9b621f695d') in 0.034473 seconds
Number of updated asset objects reloaded before import = 0
Number of asset objects unloaded after import = 2
========================================================================
Received Import Request.
  Time since last request: 9.290551 seconds.
  path: Assets/Ukrain/mesh/road
  artifactKey: Guid(6a1057de7e262884b8195c02bd1bbd73) Importer(815301076,1909f56bfc062723c751e8b465ee728b)
Start importing Assets/Ukrain/mesh/road using Guid(6a1057de7e262884b8195c02bd1bbd73) Importer(815301076,1909f56bfc062723c751e8b465ee728b)  -> (artifact id: 'fa267ee5cd1075173eeae03535815758') in 0.000684 seconds
Number of updated asset objects reloaded before import = 0
Number of asset objects unloaded after import = 0
========================================================================
Received Import Request.
  Time since last request: 0.074988 seconds.
  path: Assets/Ukrain/mesh/road/long_road_two_pavement.fbx
  artifactKey: Guid(b0a865d047afcc3408f9c3695b00dced) Importer(815301076,1909f56bfc062723c751e8b465ee728b)
Start importing Assets/Ukrain/mesh/road/long_road_two_pavement.fbx using Guid(b0a865d047afcc3408f9c3695b00dced) Importer(815301076,1909f56bfc062723c751e8b465ee728b)  -> (artifact id: '0805b4bc7a1788a5b7ce7b324433c7fa') in 0.053104 seconds
Number of updated asset objects reloaded before import = 0
Number of asset objects unloaded after import = 9
========================================================================
Received Prepare
Begin MonoManager ReloadAssembly
- Loaded All Assemblies, in  0.738 seconds
Refreshing native plugins compatible for Editor in 10.49 ms, found 3 plugins.
Native extension for WindowsStandalone target not found
Native extension for WebGL target not found
[Package Manager] Server::EnsureServerProcessIsRunning -- launch failed, reason: Unity was launched with the -noUpm command-line argument
[Package Manager] UpmClient::Send -- Unable to send message (not connected to UPM process).
[Package Manager] Cannot connect to Unity Package Manager local server
[Package Manager] Server::EnsureServerProcessIsRunning -- launch failed, reason: Unity was launched with the -noUpm command-line argument
[Package Manager] UpmClient::Send -- Unable to send message (not connected to UPM process).
[Package Manager] Cannot connect to Unity Package Manager local server
Mono: successfully reloaded assembly
[Package Manager] Server::EnsureServerProcessIsRunning -- launch failed, reason: Unity was launched with the -noUpm command-line argument
[Package Manager] UpmClient::Send -- Unable to send message (not connected to UPM process).
[Package Manager] Cannot connect to Unity Package Manager local server
- Finished resetting the current domain, in  1.241 seconds
Domain Reload Profiling: 1973ms
	BeginReloadAssembly (207ms)
		ExecutionOrderSort (0ms)
		DisableScriptedObjects (6ms)
		BackupInstance (0ms)
		ReleaseScriptingObjects (0ms)
		CreateAndSetChildDomain (42ms)
	RebuildCommonClasses (43ms)
	RebuildNativeTypeToScriptingClass (15ms)
	initialDomainReloadingComplete (43ms)
	LoadAllAssembliesAndSetupDomain (422ms)
		LoadAssemblies (440ms)
		RebuildTransferFunctionScriptingTraits (0ms)
		AnalyzeDomain (104ms)
			TypeCache.Refresh (81ms)
				TypeCache.ScanAssembly (69ms)
			ScanForSourceGeneratedMonoScriptInfo (14ms)
			ResolveRequiredComponents (8ms)
	FinalizeReload (1242ms)
		ReleaseScriptCaches (0ms)
		RebuildScriptCaches (0ms)
		SetupLoadedEditorAssemblies (546ms)
			LogAssemblyErrors (0ms)
			InitializePlatformSupportModulesInManaged (11ms)
			SetLoadedEditorAssemblies (3ms)
			RefreshPlugins (0ms)
			BeforeProcessingInitializeOnLoad (84ms)
			ProcessInitializeOnLoadAttributes (408ms)
			ProcessInitializeOnLoadMethodAttributes (24ms)
			AfterProcessingInitializeOnLoad (15ms)
			EditorAssembliesLoaded (0ms)
		ExecutionOrderSort2 (0ms)
		AwakeInstancesAfterBackupRestoration (8ms)
Refreshing native plugins compatible for Editor in 18.81 ms, found 3 plugins.
Preloading 0 native plugins for Editor in 0.00 ms.
Unloading 3339 Unused Serialized files (Serialized files now loaded: 0)
Unloading 43 unused Assets / (1.2 MB). Loaded Objects now: 3970.
Memory consumption went from 126.5 MB to 125.3 MB.
Total: 4.045000 ms (FindLiveObjects: 0.325800 ms CreateObjectMapping: 0.162600 ms MarkObjects: 2.922800 ms  DeleteObjects: 0.632900 ms)

Prepare: number of updated asset objects reloaded= 0
AssetImportParameters requested are different than current active one (requested -> active):
  custom:container-demuxer-ogg: 62fdf1f143b41e24485cea50d1cbac27 -> 
  custom:video-decoder-ogg-theora: a1e56fd34408186e4bbccfd4996cb3dc -> 
  custom:framework-win-MediaFoundation: 216162199b28c13a410421893ffa2e32 -> 
  custom:CustomObjectIndexerAttribute: 756ad292c208cfabdd7b50bc23989ffe -> 
  custom:container-demuxer-webm: 4f35f7cbe854078d1ac9338744f61a02 -> 
  custom:container-muxer-webm: aa71ff27fc2769a1b78a27578f13a17b -> 
  custom:video-decoder-webm-vp8: 9c59270c3fd7afecdb556c50c9e8de78 -> 
  custom:SearchIndexIgnoredProperties: e643bd26f0fe6173181afceb89e7c659 -> 
  custom:AudioImporter_EditorPlatform: d09bf68614088b80899f8185d706f6e7 -> 
  custom:video-encoder-webm-vp8: eb34c28f22e8b96e1ab97ce403110664 -> 
  custom:audio-decoder-ogg-vorbis: bf7c407c2cedff20999df2af8eb42d56 -> 
  custom:audio-encoder-webm-vorbis: bf7c407c2cedff20999df2af8eb42d56 -> 
========================================================================
Received Import Request.
  Time since last request: 434.821288 seconds.
  path: Assets/New Terrain.asset
  artifactKey: Guid(391c355527c60da46b8f5c11d543ba91) Importer(815301076,1909f56bfc062723c751e8b465ee728b)
Start importing Assets/New Terrain.asset using Guid(391c355527c60da46b8f5c11d543ba91) Importer(815301076,1909f56bfc062723c751e8b465ee728b)  -> (artifact id: 'c75061cc770874a85f9d84acdc078809') in 0.025952 seconds
Number of updated asset objects reloaded before import = 0
Number of asset objects unloaded after import = 1
========================================================================
Received Import Request.
  Time since last request: 9.983310 seconds.
  path: Assets/Roads/Free/Prefabs/l20km_cc2_sl30_t(401509)_rw28_wh15_n1_RsBTW_MeshV00.prefab
  artifactKey: Guid(a7e9891f686821e46ade0477d65446f6) Importer(815301076,1909f56bfc062723c751e8b465ee728b)
Start importing Assets/Roads/Free/Prefabs/l20km_cc2_sl30_t(401509)_rw28_wh15_n1_RsBTW_MeshV00.prefab using Guid(a7e9891f686821e46ade0477d65446f6) Importer(815301076,1909f56bfc062723c751e8b465ee728b)  -> (artifact id: '137ef1e6fca083f61f9e4c0ad470b715') in 0.145599 seconds
Number of updated asset objects reloaded before import = 0
Number of asset objects unloaded after import = 19
========================================================================
Received Import Request.
  Time since last request: 30.572441 seconds.
  path: Assets/EasyRoads3D
  artifactKey: Guid(768f4764567fe6d4184f98f19375250a) Importer(815301076,1909f56bfc062723c751e8b465ee728b)
Start importing Assets/EasyRoads3D using Guid(768f4764567fe6d4184f98f19375250a) Importer(815301076,1909f56bfc062723c751e8b465ee728b)  -> (artifact id: '17615e528158a11f2e92bfed8050c554') in 0.000799 seconds
Number of updated asset objects reloaded before import = 0
Number of asset objects unloaded after import = 0
========================================================================
Received Import Request.
  Time since last request: 1.408983 seconds.
  path: Assets/EasyRoads3D/prefab meshes
  artifactKey: Guid(bb90fc7506450ee44ac3494920a32cb1) Importer(815301076,1909f56bfc062723c751e8b465ee728b)
Start importing Assets/EasyRoads3D/prefab meshes using Guid(bb90fc7506450ee44ac3494920a32cb1) Importer(815301076,1909f56bfc062723c751e8b465ee728b)  -> (artifact id: 'f0aa45dcf18e617dc28c5544debbaeda') in 0.000564 seconds
Number of updated asset objects reloaded before import = 0
Number of asset objects unloaded after import = 0
========================================================================
Received Import Request.
  Time since last request: 5.389479 seconds.
  path: Assets/EasyRoads3D/Materials
  artifactKey: Guid(b06653d87372455418f60042e1d71a8b) Importer(815301076,1909f56bfc062723c751e8b465ee728b)
Start importing Assets/EasyRoads3D/Materials using Guid(b06653d87372455418f60042e1d71a8b) Importer(815301076,1909f56bfc062723c751e8b465ee728b)  -> (artifact id: '4947990e16d18b86692ad92cb8503b63') in 0.000582 seconds
Number of updated asset objects reloaded before import = 0
Number of asset objects unloaded after import = 0
========================================================================
Received Import Request.
  Time since last request: 0.077365 seconds.
  path: Assets/EasyRoads3D/Materials/roadsample_d.mat
  artifactKey: Guid(c4175582b801f5b4e9c70608f72dc876) Importer(815301076,1909f56bfc062723c751e8b465ee728b)
Start importing Assets/EasyRoads3D/Materials/roadsample_d.mat using Guid(c4175582b801f5b4e9c70608f72dc876) Importer(815301076,1909f56bfc062723c751e8b465ee728b)  -> (artifact id: 'e15d8158acee6a85d44dcbcedfecd7ed') in 0.227448 seconds
Number of updated asset objects reloaded before import = 0
Number of asset objects unloaded after import = 1
========================================================================
Received Import Request.
  Time since last request: 2.126597 seconds.
  path: Assets/EasyRoads3D/lib
  artifactKey: Guid(6c5feaed167bc7645a9239b6982539f1) Importer(815301076,1909f56bfc062723c751e8b465ee728b)
Start importing Assets/EasyRoads3D/lib using Guid(6c5feaed167bc7645a9239b6982539f1) Importer(815301076,1909f56bfc062723c751e8b465ee728b)  -> (artifact id: '1c3fe5e93f6e779d438468b0d8083414') in 0.000848 seconds
Number of updated asset objects reloaded before import = 0
Number of asset objects unloaded after import = 0
========================================================================
Received Import Request.
  Time since last request: 6.570217 seconds.
  path: Assets/EasyRoads3D/prefab sources
  artifactKey: Guid(8d75c9519444b4047b9384868ba0c5bc) Importer(815301076,1909f56bfc062723c751e8b465ee728b)
Start importing Assets/EasyRoads3D/prefab sources using Guid(8d75c9519444b4047b9384868ba0c5bc) Importer(815301076,1909f56bfc062723c751e8b465ee728b)  -> (artifact id: '5b92dfe011c6726b15f5bc4494822fb8') in 0.000757 seconds
Number of updated asset objects reloaded before import = 0
Number of asset objects unloaded after import = 0
========================================================================
Received Import Request.
  Time since last request: 1.251912 seconds.
  path: Assets/EasyRoads3D/prefab sources/_custom prefabs.txt
  artifactKey: Guid(4f23668dce41b624bb83efea00735b2e) Importer(815301076,1909f56bfc062723c751e8b465ee728b)
Start importing Assets/EasyRoads3D/prefab sources/_custom prefabs.txt using Guid(4f23668dce41b624bb83efea00735b2e) Importer(815301076,1909f56bfc062723c751e8b465ee728b)  -> (artifact id: '2e835f6b605131d0e781cebada6f64e9') in 0.001209 seconds
Number of updated asset objects reloaded before import = 0
Number of asset objects unloaded after import = 1
========================================================================
Received Import Request.
  Time since last request: 19.603397 seconds.
  path: Assets/EasyRoads3D/Resources
  artifactKey: Guid(7c7638d48c198a64d9ac4aabbc6676f7) Importer(815301076,1909f56bfc062723c751e8b465ee728b)
Start importing Assets/EasyRoads3D/Resources using Guid(7c7638d48c198a64d9ac4aabbc6676f7) Importer(815301076,1909f56bfc062723c751e8b465ee728b)  -> (artifact id: '584862edd2749d9be5abcba2289527fc') in 0.000965 seconds
Number of updated asset objects reloaded before import = 0
Number of asset objects unloaded after import = 0
========================================================================
Received Import Request.
  Time since last request: 0.088267 seconds.
  path: Assets/EasyRoads3D/Resources/ER Road Network.prefab
  artifactKey: Guid(efbc7fb2513d6744ab1bcfac40f0823d) Importer(815301076,1909f56bfc062723c751e8b465ee728b)
Start importing Assets/EasyRoads3D/Resources/ER Road Network.prefab using Guid(efbc7fb2513d6744ab1bcfac40f0823d) Importer(815301076,1909f56bfc062723c751e8b465ee728b)  -> (artifact id: '190849a3a5fa4ced0eed25e838655784') in 0.073690 seconds
Number of updated asset objects reloaded before import = 0
Number of asset objects unloaded after import = 27
========================================================================
Received Import Request.
  Time since last request: 0.000030 seconds.
  path: Assets/EasyRoads3D/Resources/ERProRoad.prefab
  artifactKey: Guid(1f87f95e79e2c104f808bba536652594) Importer(815301076,1909f56bfc062723c751e8b465ee728b)
Start importing Assets/EasyRoads3D/Resources/ERProRoad.prefab using Guid(1f87f95e79e2c104f808bba536652594) Importer(815301076,1909f56bfc062723c751e8b465ee728b)  -> (artifact id: '4f9560260d7e69df8d9742e821a0502e') in 0.022561 seconds
Number of updated asset objects reloaded before import = 0
Number of asset objects unloaded after import = 5
========================================================================
Received Import Request.
  Time since last request: 0.000019 seconds.
  path: Assets/EasyRoads3D/Resources/ERProjectLog.prefab
  artifactKey: Guid(8add2216a299bb04a96254601a49cc2a) Importer(815301076,1909f56bfc062723c751e8b465ee728b)
Start importing Assets/EasyRoads3D/Resources/ERProjectLog.prefab using Guid(8add2216a299bb04a96254601a49cc2a) Importer(815301076,1909f56bfc062723c751e8b465ee728b)  -> (artifact id: 'fb12d46b4e1f53cf26729c65fdde06b0') in 0.023486 seconds
Number of updated asset objects reloaded before import = 0
Number of asset objects unloaded after import = 8
========================================================================
Received Import Request.
  Time since last request: 2.496832 seconds.
  path: Assets/EasyRoads3D/Resources/custom prefabs
  artifactKey: Guid(4303d206ef3279b4fb69eefddbea9683) Importer(815301076,1909f56bfc062723c751e8b465ee728b)
Start importing Assets/EasyRoads3D/Resources/custom prefabs using Guid(4303d206ef3279b4fb69eefddbea9683) Importer(815301076,1909f56bfc062723c751e8b465ee728b)  -> (artifact id: 'ecfd03ea0308e237bcdd9c18ba88cfbe') in 0.000569 seconds
Number of updated asset objects reloaded before import = 0
Number of asset objects unloaded after import = 0
========================================================================
Received Import Request.
  Time since last request: 2.232610 seconds.
  path: Assets/EasyRoads3D/Resources/dynamic prefabs
  artifactKey: Guid(73967fa49e512ea439fbc9bae28df1b7) Importer(815301076,1909f56bfc062723c751e8b465ee728b)
Start importing Assets/EasyRoads3D/Resources/dynamic prefabs using Guid(73967fa49e512ea439fbc9bae28df1b7) Importer(815301076,1909f56bfc062723c751e8b465ee728b)  -> (artifact id: '808c8f72885d82fb08278f4cbf25e717') in 0.000662 seconds
Number of updated asset objects reloaded before import = 0
Number of asset objects unloaded after import = 0
========================================================================
Received Import Request.
  Time since last request: 1.694967 seconds.
  path: Assets/EasyRoads3D/Resources/Materials
  artifactKey: Guid(ea55c5468697a0743912cabc979d7841) Importer(815301076,1909f56bfc062723c751e8b465ee728b)
Start importing Assets/EasyRoads3D/Resources/Materials using Guid(ea55c5468697a0743912cabc979d7841) Importer(815301076,1909f56bfc062723c751e8b465ee728b)  -> (artifact id: 'f62008c1cd7347603c3c8e6f0fe7314c') in 0.000569 seconds
Number of updated asset objects reloaded before import = 0
Number of asset objects unloaded after import = 0
========================================================================
Received Import Request.
  Time since last request: 0.064062 seconds.
  path: Assets/EasyRoads3D/Resources/Materials/surfaceMaterial.mat
  artifactKey: Guid(6df83606ee896204ea5f2925b610f5fb) Importer(815301076,1909f56bfc062723c751e8b465ee728b)
Start importing Assets/EasyRoads3D/Resources/Materials/surfaceMaterial.mat using Guid(6df83606ee896204ea5f2925b610f5fb) Importer(815301076,1909f56bfc062723c751e8b465ee728b)  -> (artifact id: '5a439c65eb1f3c0ca9704fee5d3a65f4') in 0.282052 seconds
Number of updated asset objects reloaded before import = 0
Number of asset objects unloaded after import = 2
========================================================================
Received Import Request.
  Time since last request: 2.937425 seconds.
  path: Assets/EasyRoads3D/Resources/Materials/roads
  artifactKey: Guid(34f4740a6861c504ca4ac090791ead3e) Importer(815301076,1909f56bfc062723c751e8b465ee728b)
Start importing Assets/EasyRoads3D/Resources/Materials/roads using Guid(34f4740a6861c504ca4ac090791ead3e) Importer(815301076,1909f56bfc062723c751e8b465ee728b)  -> (artifact id: '2fc407287a5b26ef00cc610435235ae2') in 0.000819 seconds
Number of updated asset objects reloaded before import = 0
Number of asset objects unloaded after import = 0
========================================================================
Received Import Request.
  Time since last request: 0.122481 seconds.
  path: Assets/EasyRoads3D/Resources/Materials/roads/dirt material.mat
  artifactKey: Guid(adc944e9dc23e0e4eb2afafd0fb54df3) Importer(815301076,1909f56bfc062723c751e8b465ee728b)
Start importing Assets/EasyRoads3D/Resources/Materials/roads/dirt material.mat using Guid(adc944e9dc23e0e4eb2afafd0fb54df3) Importer(815301076,1909f56bfc062723c751e8b465ee728b)  -> (artifact id: '47d69846bfb697e23b80720b28de4516') in 0.361162 seconds
Number of updated asset objects reloaded before import = 0
Number of asset objects unloaded after import = 5
========================================================================
Received Import Request.
  Time since last request: 0.000021 seconds.
  path: Assets/EasyRoads3D/Resources/Materials/roads/road material.mat
  artifactKey: Guid(f182e2714eb8a714a99ed091081ce16c) Importer(815301076,1909f56bfc062723c751e8b465ee728b)
Start importing Assets/EasyRoads3D/Resources/Materials/roads/road material.mat using Guid(f182e2714eb8a714a99ed091081ce16c) Importer(815301076,1909f56bfc062723c751e8b465ee728b)  -> (artifact id: '60c78c50e3eff5391d1e2038d6cf8924') in 0.337905 seconds
Number of updated asset objects reloaded before import = 0
Number of asset objects unloaded after import = 5
========================================================================
Received Import Request.
  Time since last request: 31.485709 seconds.
  path: Assets/EasyRoads3D/Quick Start.txt
  artifactKey: Guid(e4813e63b1ce39048a4062242d8a5c21) Importer(815301076,1909f56bfc062723c751e8b465ee728b)
Start importing Assets/EasyRoads3D/Quick Start.txt using Guid(e4813e63b1ce39048a4062242d8a5c21) Importer(815301076,1909f56bfc062723c751e8b465ee728b)  -> (artifact id: 'd6d959a9944463691eda547ccfe81ed8') in 0.001331 seconds
Number of updated asset objects reloaded before import = 0
Number of asset objects unloaded after import = 1
========================================================================
Received Import Request.
  Time since last request: 285.607108 seconds.
  path: Assets/New Terrain 1.asset
  artifactKey: Guid(e80e5b2f40d871c4d81c57a25730be2a) Importer(815301076,1909f56bfc062723c751e8b465ee728b)
Start importing Assets/New Terrain 1.asset using Guid(e80e5b2f40d871c4d81c57a25730be2a) Importer(815301076,1909f56bfc062723c751e8b465ee728b)  -> (artifact id: '2f598c6321e2c850fed77e92cd369ff7') in 0.008899 seconds
Number of updated asset objects reloaded before import = 0
Number of asset objects unloaded after import = 1
========================================================================
Received Import Request.
  Time since last request: 41.648445 seconds.
  path: Assets
  artifactKey: Guid(00000000000000001000000000000000) Importer(815301076,1909f56bfc062723c751e8b465ee728b)
Start importing Assets using Guid(00000000000000001000000000000000) Importer(815301076,1909f56bfc062723c751e8b465ee728b)  -> (artifact id: '8a4fe85251aa2e89732c359432baa2c3') in 0.000957 seconds
Number of updated asset objects reloaded before import = 0
Number of asset objects unloaded after import = 0
========================================================================
Received Import Request.
  Time since last request: 16.242044 seconds.
  path: Assets/Easy_Roads
  artifactKey: Guid(51cf607ae7261194ba43c1567abd6bc6) Importer(815301076,1909f56bfc062723c751e8b465ee728b)
Start importing Assets/Easy_Roads using Guid(51cf607ae7261194ba43c1567abd6bc6) Importer(815301076,1909f56bfc062723c751e8b465ee728b)  -> (artifact id: '3eeaa3e950341cc4d676085e5af51730') in 0.001586 seconds
Number of updated asset objects reloaded before import = 0
Number of asset objects unloaded after import = 0
========================================================================
Received Import Request.
  Time since last request: 58.094699 seconds.
  path: Assets/TexturesPart01
  artifactKey: Guid(c0c13984de23ae542820a170cd462e4d) Importer(815301076,1909f56bfc062723c751e8b465ee728b)
Start importing Assets/TexturesPart01 using Guid(c0c13984de23ae542820a170cd462e4d) Importer(815301076,1909f56bfc062723c751e8b465ee728b)  -> (artifact id: '7ec82962d04413ed7d88ec42504e3eb1') in 0.000702 seconds
Number of updated asset objects reloaded before import = 0
Number of asset objects unloaded after import = 0
========================================================================
Received Import Request.
  Time since last request: 4.154797 seconds.
  path: Assets/TexturesPart01/Materials
  artifactKey: Guid(12d8371eb4113ec42b082f69b9f340d9) Importer(815301076,1909f56bfc062723c751e8b465ee728b)
Start importing Assets/TexturesPart01/Materials using Guid(12d8371eb4113ec42b082f69b9f340d9) Importer(815301076,1909f56bfc062723c751e8b465ee728b)  -> (artifact id: 'be3e7e85d50c98af63f503ab43494c57') in 0.000690 seconds
Number of updated asset objects reloaded before import = 0
Number of asset objects unloaded after import = 0
========================================================================
Received Import Request.
  Time since last request: 0.068944 seconds.
  path: Assets/TexturesPart01/Materials/asphalt_01.mat
  artifactKey: Guid(82e6f2f316188a340ad4ef8f1239a67a) Importer(815301076,1909f56bfc062723c751e8b465ee728b)
Start importing Assets/TexturesPart01/Materials/asphalt_01.mat using Guid(82e6f2f316188a340ad4ef8f1239a67a) Importer(815301076,1909f56bfc062723c751e8b465ee728b)  -> (artifact id: 'cb79b53f2c51530f192131337fcfcd3a') in 0.331884 seconds
Number of updated asset objects reloaded before import = 0
Number of asset objects unloaded after import = 3
========================================================================
Received Import Request.
  Time since last request: 0.000025 seconds.
  path: Assets/TexturesPart01/Materials/brick_03.mat
  artifactKey: Guid(80571da6ac21c664a810bb99daf9585f) Importer(815301076,1909f56bfc062723c751e8b465ee728b)
Start importing Assets/TexturesPart01/Materials/brick_03.mat using Guid(80571da6ac21c664a810bb99daf9585f) Importer(815301076,1909f56bfc062723c751e8b465ee728b)  -> (artifact id: '7fa092e1b4e943318888b163f74ac699') in 0.026026 seconds
Number of updated asset objects reloaded before import = 0
Number of asset objects unloaded after import = 3
========================================================================
Received Import Request.
  Time since last request: 0.000092 seconds.
  path: Assets/TexturesPart01/Materials/ground_01.mat
  artifactKey: Guid(32cee2515b450af4b99cc6f7838e1248) Importer(815301076,1909f56bfc062723c751e8b465ee728b)
Start importing Assets/TexturesPart01/Materials/ground_01.mat using Guid(32cee2515b450af4b99cc6f7838e1248) Importer(815301076,1909f56bfc062723c751e8b465ee728b)  -> (artifact id: '7c8c7c284f0e44f0d257557791b77061') in 0.019546 seconds
Number of updated asset objects reloaded before import = 0
Number of asset objects unloaded after import = 3
========================================================================
Received Import Request.
  Time since last request: 0.000031 seconds.
  path: Assets/TexturesPart01/Materials/ground_04.mat
  artifactKey: Guid(639ff19e714fae74893c7da956744182) Importer(815301076,1909f56bfc062723c751e8b465ee728b)
Start importing Assets/TexturesPart01/Materials/ground_04.mat using Guid(639ff19e714fae74893c7da956744182) Importer(815301076,1909f56bfc062723c751e8b465ee728b)  -> (artifact id: '65acbb35de1408f7feaa5311173a39e3') in 0.019355 seconds
Number of updated asset objects reloaded before import = 0
Number of asset objects unloaded after import = 3
========================================================================
Received Import Request.
  Time since last request: 0.000024 seconds.
  path: Assets/TexturesPart01/Materials/ground_03.mat
  artifactKey: Guid(064b5bae29f9e014ca5c2ba8b48ea645) Importer(815301076,1909f56bfc062723c751e8b465ee728b)
Start importing Assets/TexturesPart01/Materials/ground_03.mat using Guid(064b5bae29f9e014ca5c2ba8b48ea645) Importer(815301076,1909f56bfc062723c751e8b465ee728b)  -> (artifact id: '07e6309c3c3a2a4a6c9e215c753c3424') in 0.028369 seconds
Number of updated asset objects reloaded before import = 0
Number of asset objects unloaded after import = 3
========================================================================
Received Import Request.
  Time since last request: 0.000018 seconds.
  path: Assets/TexturesPart01/Materials/brick_02.mat
  artifactKey: Guid(5b2aa725c401a954eb803e3f8a77c47d) Importer(815301076,1909f56bfc062723c751e8b465ee728b)
Start importing Assets/TexturesPart01/Materials/brick_02.mat using Guid(5b2aa725c401a954eb803e3f8a77c47d) Importer(815301076,1909f56bfc062723c751e8b465ee728b)  -> (artifact id: 'e2f6e1011d3ea06bf9c12ee58e35fda6') in 0.031640 seconds
Number of updated asset objects reloaded before import = 0
Number of asset objects unloaded after import = 3
========================================================================
Received Import Request.
  Time since last request: 0.000022 seconds.
  path: Assets/TexturesPart01/Materials/asphalt_03.mat
  artifactKey: Guid(968fec0a955030c44bfcae378855ed73) Importer(815301076,1909f56bfc062723c751e8b465ee728b)
Start importing Assets/TexturesPart01/Materials/asphalt_03.mat using Guid(968fec0a955030c44bfcae378855ed73) Importer(815301076,1909f56bfc062723c751e8b465ee728b)  -> (artifact id: '0de5a1cc00bd524050048fd60c187b4b') in 0.022820 seconds
Number of updated asset objects reloaded before import = 0
Number of asset objects unloaded after import = 3
========================================================================
Received Import Request.
  Time since last request: 0.000062 seconds.
  path: Assets/TexturesPart01/Materials/brick_04.mat
  artifactKey: Guid(ae05a216b935ee6428ef95995dc2e2c8) Importer(815301076,1909f56bfc062723c751e8b465ee728b)
Start importing Assets/TexturesPart01/Materials/brick_04.mat using Guid(ae05a216b935ee6428ef95995dc2e2c8) Importer(815301076,1909f56bfc062723c751e8b465ee728b)  -> (artifact id: '0f6502a21d6e334c4972519d9810954a') in 0.018493 seconds
Number of updated asset objects reloaded before import = 0
Number of asset objects unloaded after import = 3
========================================================================
Received Import Request.
  Time since last request: 0.000022 seconds.
  path: Assets/TexturesPart01/Materials/grass01.mat
  artifactKey: Guid(91dc380300162fa4bac388696c91e7f3) Importer(815301076,1909f56bfc062723c751e8b465ee728b)
Start importing Assets/TexturesPart01/Materials/grass01.mat using Guid(91dc380300162fa4bac388696c91e7f3) Importer(815301076,1909f56bfc062723c751e8b465ee728b)  -> (artifact id: '54a8ced72fc633071cff78182d4d0c18') in 0.025137 seconds
Number of updated asset objects reloaded before import = 0
Number of asset objects unloaded after import = 3
========================================================================
Received Import Request.
  Time since last request: 0.000017 seconds.
  path: Assets/TexturesPart01/Materials/brick_01.mat
  artifactKey: Guid(a7c4d361c25bb1440a73cea93bbc06a3) Importer(815301076,1909f56bfc062723c751e8b465ee728b)
Start importing Assets/TexturesPart01/Materials/brick_01.mat using Guid(a7c4d361c25bb1440a73cea93bbc06a3) Importer(815301076,1909f56bfc062723c751e8b465ee728b)  -> (artifact id: '362dd9cc4eda990c6f682f59ba3893df') in 0.026481 seconds
Number of updated asset objects reloaded before import = 0
Number of asset objects unloaded after import = 3
========================================================================
Received Import Request.
  Time since last request: 0.000019 seconds.
  path: Assets/TexturesPart01/Materials/brick_broken_01.mat
  artifactKey: Guid(c1cae046fc1890a40bc176b013827536) Importer(815301076,1909f56bfc062723c751e8b465ee728b)
Start importing Assets/TexturesPart01/Materials/brick_broken_01.mat using Guid(c1cae046fc1890a40bc176b013827536) Importer(815301076,1909f56bfc062723c751e8b465ee728b)  -> (artifact id: 'c9e2338791cc3418a164d1b8ddcaa9bf') in 0.023532 seconds
Number of updated asset objects reloaded before import = 0
Number of asset objects unloaded after import = 3
========================================================================
Received Import Request.
  Time since last request: 0.000043 seconds.
  path: Assets/TexturesPart01/Materials/grass02.mat
  artifactKey: Guid(7b7d0a06c95ae134a8b596036e4a80bb) Importer(815301076,1909f56bfc062723c751e8b465ee728b)
Start importing Assets/TexturesPart01/Materials/grass02.mat using Guid(7b7d0a06c95ae134a8b596036e4a80bb) Importer(815301076,1909f56bfc062723c751e8b465ee728b)  -> (artifact id: '96e38c9dd1c84009c9819d5205b7646d') in 0.026047 seconds
Number of updated asset objects reloaded before import = 0
Number of asset objects unloaded after import = 3
========================================================================
Received Import Request.
  Time since last request: 0.000032 seconds.
  path: Assets/TexturesPart01/Materials/ground_02.mat
  artifactKey: Guid(56e0c031a95a5fc4999bee6209ba71bf) Importer(815301076,1909f56bfc062723c751e8b465ee728b)
Start importing Assets/TexturesPart01/Materials/ground_02.mat using Guid(56e0c031a95a5fc4999bee6209ba71bf) Importer(815301076,1909f56bfc062723c751e8b465ee728b)  -> (artifact id: 'f89995c3d606e4e121278779d5bc3bc8') in 0.020719 seconds
Number of updated asset objects reloaded before import = 0
Number of asset objects unloaded after import = 3
========================================================================
Received Import Request.
  Time since last request: 0.000017 seconds.
  path: Assets/TexturesPart01/Materials/asphalt_02.mat
  artifactKey: Guid(0349a2d87a784904cb7a5ad6d4a65c2b) Importer(815301076,1909f56bfc062723c751e8b465ee728b)
Start importing Assets/TexturesPart01/Materials/asphalt_02.mat using Guid(0349a2d87a784904cb7a5ad6d4a65c2b) Importer(815301076,1909f56bfc062723c751e8b465ee728b)  -> (artifact id: '2534e822d7e5d9fe085325ace79d0827') in 0.023463 seconds
Number of updated asset objects reloaded before import = 0
Number of asset objects unloaded after import = 3
========================================================================
Received Import Request.
  Time since last request: 284.478172 seconds.
  path: Assets/Computer.cs
  artifactKey: Guid(591cbbdd8a8d96d429c2947efc0e2d90) Importer(815301076,1909f56bfc062723c751e8b465ee728b)
Start importing Assets/Computer.cs using Guid(591cbbdd8a8d96d429c2947efc0e2d90) Importer(815301076,1909f56bfc062723c751e8b465ee728b)  -> (artifact id: '5b3421404cfe2ed08ebbbc9ed7479cc0') in 0.000830 seconds
Number of updated asset objects reloaded before import = 0
Number of asset objects unloaded after import = 0
